<?xml version="1.0" encoding="UTF-8"?>
<!-- Generated by org.testng.reporters.JUnitXMLReporter -->
<testsuite hostname="Franks-MBP.lan" ignored="0" name="Surefire test" tests="22" failures="0" timestamp="08 Sep 2022 18:00:02 GMT" time="187.437" errors="0">
  <testcase name="BofAPageTitle" time="13.248" classname="com.bofa.BofATest"/>
  <testcase name="BofAPageTitle" time="14.677" classname="com.bofa.BofATest"/>
  <testcase name="BofAPageTitle" time="15.143" classname="com.bofa.BofATest"/>
  <testcase name="BofAPageTitle" time="15.312" classname="com.bofa.BofATest"/>
  <testcase name="BofAPageTitle" time="16.098" classname="com.bofa.BofATest"/>
  <testcase name="BofAPageTitle" time="21.999" classname="com.bofa.BofATest"/>
  <testcase name="BofAFunc" time="25.0" classname="com.bofa.BofATest"/>
  <testcase name="BofAFunc" time="25.511" classname="com.bofa.BofATest"/>
  <testcase name="BofAPageTitle" time="25.93" classname="com.bofa.BofATest"/>
  <testcase name="BofAPageTitle" time="26.963" classname="com.bofa.BofATest"/>
  <testcase name="BofAFunc" time="28.958" classname="com.bofa.BofATest"/>
  <testcase name="BofAFunc" time="29.335" classname="com.bofa.BofATest"/>
  <testcase name="BofAPageTitle" time="18.224" classname="com.bofa.BofATest"/>
  <testcase name="BofAFunc" time="34.71" classname="com.bofa.BofATest"/>
  <testcase name="BofAFunc" time="39.827" classname="com.bofa.BofATest"/>
  <testcase name="BofAFunc" time="51.743" classname="com.bofa.BofATest"/>
  <testcase name="BofAFunc" time="31.147" classname="com.bofa.BofATest"/>
  <testcase name="BofAPageTitle" time="62.119" classname="com.bofa.BofATest"/>
  <testcase name="BofAPageTitle" time="62.684" classname="com.bofa.BofATest"/>
  <testcase name="BofAFunc" time="75.701" classname="com.bofa.BofATest"/>
  <testcase name="BofAFunc" time="148.738" classname="com.bofa.BofATest"/>
  <testcase name="BofAFunc" time="186.227" classname="com.bofa.BofATest"/>
</testsuite> <!-- Surefire test -->
