<?xml version="1.0" encoding="UTF-8"?>
<testsuite xmlns:xsi="http://www.w3.org/2001/XMLSchema-instance" xsi:schemaLocation="https://maven.apache.org/surefire/maven-surefire-plugin/xsd/surefire-test-report.xsd" name="com.cap1.Cap1Test" time="349.083" tests="21" errors="0" skipped="2" failures="5">
  <properties>
[...]
</properties>
  <testcase name="Cap1Func" classname="com.cap1.Cap1Test" time="8.485">
    <failure message="expected [Explore Credit Cards &amp; Apply Online | Capital One] but found [Capital One]" type="java.lang.AssertionError"><![CDATA[java.lang.AssertionError: expected [Explore Credit Cards & Apply Online | Capital One] but found [Capital One]
	at com.cap1.Cap1Test.Cap1Func(Cap1Test.java:135)
]]></failure>
    <system-out><![CDATA[WebDriverRemoteWebDriver: internet explorer on WINDOWS (6386e87d06df488a974a80b4c6bb4201)
SauceOnDemandSessionID=6386e87d06df488a974a80b4c6bb4201 job-name=Cap1Func
WebDriverRemoteWebDriver: internet explorer on WINDOWS (ba433586758840c8a31cd101527b8967)
SauceOnDemandSessionID=ba433586758840c8a31cd101527b8967 job-name=Cap1PageTitle
]]></system-out>
    <system-err><![CDATA[Aug 01, 2022 10:00:23 AM org.openqa.selenium.remote.ProtocolHandshake createSession
INFO: Detected dialect: OSS
Aug 01, 2022 10:00:24 AM org.openqa.selenium.remote.ProtocolHandshake createSession
INFO: Detected dialect: OSS
]]></system-err>
  </testcase>
  <testcase name="Cap1Func" classname="com.cap1.Cap1Test" time="19.767">
    <failure message="expected [Explore Credit Cards &amp; Apply Online | Capital One] but found [Capital One]" type="java.lang.AssertionError"><![CDATA[java.lang.AssertionError: expected [Explore Credit Cards & Apply Online | Capital One] but found [Capital One]
	at com.cap1.Cap1Test.Cap1Func(Cap1Test.java:135)
]]></failure>
    <system-out><![CDATA[WebDriverRemoteWebDriver: firefox on ANY (5123596a588c4d7a85c4e99841a7ca99)
SauceOnDemandSessionID=5123596a588c4d7a85c4e99841a7ca99 job-name=Cap1PageTitle
]]></system-out>
    <system-err><![CDATA[Aug 01, 2022 10:00:33 AM org.openqa.selenium.remote.ProtocolHandshake createSession
INFO: Detected dialect: OSS
]]></system-err>
  </testcase>
  <testcase name="Cap1Func" classname="com.cap1.Cap1Test" time="24.83"/>
  <testcase name="Cap1Func" classname="com.cap1.Cap1Test" time="26.492"/>
  <testcase name="Cap1Func" classname="com.cap1.Cap1Test" time="26.935"/>
  <testcase name="Cap1Func" classname="com.cap1.Cap1Test" time="43.179"/>
  <testcase name="Cap1Func" classname="com.cap1.Cap1Test" time="70.886">
    <failure message="expected [Explore Credit Cards &amp; Apply Online | Capital One] but found [Capital One]" type="java.lang.AssertionError"><![CDATA[java.lang.AssertionError: expected [Explore Credit Cards & Apply Online | Capital One] but found [Capital One]
	at com.cap1.Cap1Test.Cap1Func(Cap1Test.java:135)
]]></failure>
  </testcase>
  <testcase name="Cap1Func" classname="com.cap1.Cap1Test" time="330.21"/>
  <testcase name="Cap1Func" classname="com.cap1.Cap1Test" time="348.562"/>
  <testcase name="Cap1PageTitle" classname="com.cap1.Cap1Test" time="10.961"/>
  <testcase name="Cap1PageTitle" classname="com.cap1.Cap1Test" time="15.849"/>
  <testcase name="Cap1PageTitle" classname="com.cap1.Cap1Test" time="16.24"/>
  <testcase name="Cap1PageTitle" classname="com.cap1.Cap1Test" time="16.311"/>
  <testcase name="Cap1PageTitle" classname="com.cap1.Cap1Test" time="21.128"/>
  <testcase name="Cap1PageTitle" classname="com.cap1.Cap1Test" time="23.403"/>
  <testcase name="Cap1PageTitle" classname="com.cap1.Cap1Test" time="93.206"/>
  <testcase name="Cap1PageTitle" classname="com.cap1.Cap1Test" time="93.293"/>
  <testcase name="Cap1PageTitle" classname="com.cap1.Cap1Test" time="314.311">
    <failure message="Invalid message: Due to a previous error, this job has already finished.  (WARNING: The server did not provide any stacktrace information)&#10;Command duration or timeout: 0 milliseconds&#10;Build info: version: &apos;3.14.0&apos;, revision: &apos;aacccce0&apos;, time: &apos;2018-08-02T20:19:58.91Z&apos;&#10;System info: host: &apos;SL-1549.local&apos;, ip: &apos;fe80:0:0:0:1c32:d269:d0d0:1bb8%en0&apos;, os.name: &apos;Mac OS X&apos;, os.arch: &apos;x86_64&apos;, os.version: &apos;10.16&apos;, java.version: &apos;1.8.0_271&apos;&#10;Driver info: org.openqa.selenium.remote.RemoteWebDriver&#10;Capabilities {applicationCacheEnabled: true, browserName: safari, cleanSession: true, cssSelectorsEnabled: true, databaseEnabled: true, handlesAlerts: true, hasMetadata: true, javascriptEnabled: true, locationContextEnabled: false, nativeEvents: true, platform: MAC, platformName: MAC, rotatable: false, version: 12604.5.6.1.1, webStorageEnabled: true, webdriver.remote.sessionid: f6fa426152c848e38b02a5bf6d9...}&#10;Session ID: f6fa426152c848e38b02a5bf6d9a2d22" type="org.openqa.selenium.WebDriverException">org.openqa.selenium.WebDriverException: 
Invalid message: Due to a previous error, this job has already finished.  (WARNING: The server did not provide any stacktrace information)
Command duration or timeout: 0 milliseconds
Build info: version: '3.14.0', revision: 'aacccce0', time: '2018-08-02T20:19:58.91Z'
System info: host: 'SL-1549.local', ip: 'fe80:0:0:0:1c32:d269:d0d0:1bb8%en0', os.name: 'Mac OS X', os.arch: 'x86_64', os.version: '10.16', java.version: '1.8.0_271'
Driver info: org.openqa.selenium.remote.RemoteWebDriver
Capabilities {applicationCacheEnabled: true, browserName: safari, cleanSession: true, cssSelectorsEnabled: true, databaseEnabled: true, handlesAlerts: true, hasMetadata: true, javascriptEnabled: true, locationContextEnabled: false, nativeEvents: true, platform: MAC, platformName: MAC, rotatable: false, version: 12604.5.6.1.1, webStorageEnabled: true, webdriver.remote.sessionid: f6fa426152c848e38b02a5bf6d9...}
Session ID: f6fa426152c848e38b02a5bf6d9a2d22
	at com.cap1.Cap1Test.Cap1PageTitle(Cap1Test.java:128)
</failure>
  </testcase>
  <testcase name="tearDown" classname="com.cap1.Cap1Test" time="314.565">
    <failure message="Invalid message: Due to a previous error, this job has already finished.  (WARNING: The server did not provide any stacktrace information)&#10;Command duration or timeout: 0 milliseconds&#10;Build info: version: &apos;3.14.0&apos;, revision: &apos;aacccce0&apos;, time: &apos;2018-08-02T20:19:58.91Z&apos;&#10;System info: host: &apos;SL-1549.local&apos;, ip: &apos;fe80:0:0:0:1c32:d269:d0d0:1bb8%en0&apos;, os.name: &apos;Mac OS X&apos;, os.arch: &apos;x86_64&apos;, os.version: &apos;10.16&apos;, java.version: &apos;1.8.0_271&apos;&#10;Driver info: org.openqa.selenium.remote.RemoteWebDriver&#10;Capabilities {applicationCacheEnabled: true, browserName: safari, cleanSession: true, cssSelectorsEnabled: true, databaseEnabled: true, handlesAlerts: true, hasMetadata: true, javascriptEnabled: true, locationContextEnabled: false, nativeEvents: true, platform: MAC, platformName: MAC, rotatable: false, version: 12604.5.6.1.1, webStorageEnabled: true, webdriver.remote.sessionid: f6fa426152c848e38b02a5bf6d9...}&#10;Session ID: f6fa426152c848e38b02a5bf6d9a2d22" type="org.openqa.selenium.WebDriverException">org.openqa.selenium.WebDriverException: 
Invalid message: Due to a previous error, this job has already finished.  (WARNING: The server did not provide any stacktrace information)
Command duration or timeout: 0 milliseconds
Build info: version: '3.14.0', revision: 'aacccce0', time: '2018-08-02T20:19:58.91Z'
System info: host: 'SL-1549.local', ip: 'fe80:0:0:0:1c32:d269:d0d0:1bb8%en0', os.name: 'Mac OS X', os.arch: 'x86_64', os.version: '10.16', java.version: '1.8.0_271'
Driver info: org.openqa.selenium.remote.RemoteWebDriver
Capabilities {applicationCacheEnabled: true, browserName: safari, cleanSession: true, cssSelectorsEnabled: true, databaseEnabled: true, handlesAlerts: true, hasMetadata: true, javascriptEnabled: true, locationContextEnabled: false, nativeEvents: true, platform: MAC, platformName: MAC, rotatable: false, version: 12604.5.6.1.1, webStorageEnabled: true, webdriver.remote.sessionid: f6fa426152c848e38b02a5bf6d9...}
Session ID: f6fa426152c848e38b02a5bf6d9a2d22
	at com.cap1.Cap1Test.tearDown(Cap1Test.java:111)
</failure>
  </testcase>
  <testcase name="tearDown" classname="com.cap1.Cap1Test" time="0">
    <skipped/>
  </testcase>
  <testcase name="tearDown" classname="com.cap1.Cap1Test" time="0">
    <skipped/>
  </testcase>
</testsuite>