<?xml version="1.0" encoding="UTF-8"?>
<testsuite xmlns:xsi="http://www.w3.org/2001/XMLSchema-instance" xsi:schemaLocation="https://maven.apache.org/surefire/maven-surefire-plugin/xsd/surefire-test-report.xsd" name="com.bofa.BofATest" time="187.778" tests="22" errors="0" skipped="0" failures="0">
  <properties>
[...]
</properties>
  <testcase name="BofAPageTitle" classname="com.bofa.BofATest" time="13.265"/>
  <testcase name="BofAPageTitle" classname="com.bofa.BofATest" time="0.397"/>
  <testcase name="BofAPageTitle" classname="com.bofa.BofATest" time="0.86"/>
  <testcase name="BofAPageTitle" classname="com.bofa.BofATest" time="1.031"/>
  <testcase name="BofAPageTitle" classname="com.bofa.BofATest" time="1.814"/>
  <testcase name="BofAPageTitle" classname="com.bofa.BofATest" time="7.721"/>
  <testcase name="BofAPageTitle" classname="com.bofa.BofATest" time="0.117"/>
  <testcase name="BofAPageTitle" classname="com.bofa.BofATest" time="1.15"/>
  <testcase name="BofAPageTitle" classname="com.bofa.BofATest" time="6.7"/>
  <testcase name="BofAPageTitle" classname="com.bofa.BofATest" time="36.308"/>
  <testcase name="BofAPageTitle" classname="com.bofa.BofATest" time="36.87"/>
  <testcase name="BofAFunc" classname="com.bofa.BofATest" time="10.717"/>
  <testcase name="BofAFunc" classname="com.bofa.BofATest" time="11.231"/>
  <testcase name="BofAFunc" classname="com.bofa.BofATest" time="3.143"/>
  <testcase name="BofAFunc" classname="com.bofa.BofATest" time="3.521"/>
  <testcase name="BofAFunc" classname="com.bofa.BofATest" time="8.901"/>
  <testcase name="BofAFunc" classname="com.bofa.BofATest" time="14.015"/>
  <testcase name="BofAFunc" classname="com.bofa.BofATest" time="25.933"/>
  <testcase name="BofAFunc" classname="com.bofa.BofATest" time="31.147"/>
  <testcase name="BofAFunc" classname="com.bofa.BofATest" time="49.885"/>
  <testcase name="BofAFunc" classname="com.bofa.BofATest" time="122.936"/>
  <testcase name="BofAFunc" classname="com.bofa.BofATest" time="160.422"/>
</testsuite>