<?xml version="1.0" encoding="UTF-8"?>
<!-- Generated by org.testng.reporters.JUnitReportReporter -->
<testsuite name="com.bofa.BofATest" tests="22" time="991.034" ignored="0" failures="0" timestamp="08 Sep 2022 18:00:02 GMT" skipped="0" hostname="Franks-MBP.lan" errors="0">
  <testcase name="BofAPageTitle" time="16.634" classname="com.bofa.BofATest"/>
  <testcase name="BofAFunc" time="29.985" classname="com.bofa.BofATest"/>
  <testcase name="BofAPageTitle" time="15.322" classname="com.bofa.BofATest"/>
  <testcase name="BofAFunc" time="40.804" classname="com.bofa.BofATest"/>
  <testcase name="BofAPageTitle" time="27.479" classname="com.bofa.BofATest"/>
  <testcase name="BofAPageTitle" time="16.850" classname="com.bofa.BofATest"/>
  <testcase name="BofAPageTitle" time="64.416" classname="com.bofa.BofATest"/>
  <testcase name="BofAFunc" time="52.199" classname="com.bofa.BofATest"/>
  <testcase name="BofAPageTitle" time="19.293" classname="com.bofa.BofATest"/>
  <testcase name="BofAPageTitle" time="13.895" classname="com.bofa.BofATest"/>
  <testcase name="BofAFunc" time="32.162" classname="com.bofa.BofATest"/>
  <testcase name="BofAFunc" time="76.363" classname="com.bofa.BofATest"/>
  <testcase name="BofAPageTitle" time="22.387" classname="com.bofa.BofATest"/>
  <testcase name="BofAFunc" time="29.770" classname="com.bofa.BofATest"/>
  <testcase name="BofAPageTitle" time="28.890" classname="com.bofa.BofATest"/>
  <testcase name="BofAFunc" time="25.974" classname="com.bofa.BofATest"/>
  <testcase name="BofAFunc" time="26.406" classname="com.bofa.BofATest"/>
  <testcase name="BofAFunc" time="35.713" classname="com.bofa.BofATest"/>
  <testcase name="BofAPageTitle" time="63.274" classname="com.bofa.BofATest"/>
  <testcase name="BofAPageTitle" time="16.080" classname="com.bofa.BofATest"/>
  <testcase name="BofAFunc" time="186.929" classname="com.bofa.BofATest"/>
  <testcase name="BofAFunc" time="150.209" classname="com.bofa.BofATest"/>
</testsuite> <!-- com.bofa.BofATest -->
